<?xml version="1.0" encoding="UTF-8"?>
<testng-results skipped="0" failed="0" ignored="0" total="1" passed="1">
  <reporter-output>
  </reporter-output>
  <suite name="Suite" duration-ms="3974" started-at="2020-07-27T07:54:20Z" finished-at="2020-07-27T07:54:24Z">
    <groups>
    </groups>
    <test name="Test" duration-ms="3974" started-at="2020-07-27T07:54:20Z" finished-at="2020-07-27T07:54:24Z">
      <class name="iam.getSecurityQuestionsList.TC_01_getSecurityQuesList">
        <test-method status="PASS" signature="setup()[pri:0, instance:iam.getSecurityQuestionsList.TC_01_getSecurityQuesList@4566e5bd]" name="setup" is-config="true" duration-ms="47" started-at="2020-07-27T07:54:20Z" finished-at="2020-07-27T07:54:20Z">
          <reporter-output>
          </reporter-output>
        </test-method> <!-- setup -->
        <test-method status="PASS" signature="getSecQuesList()[pri:0, instance:iam.getSecurityQuestionsList.TC_01_getSecurityQuesList@4566e5bd]" name="getSecQuesList" is-config="true" duration-ms="3686" started-at="2020-07-27T07:54:20Z" finished-at="2020-07-27T07:54:24Z">
          <reporter-output>
          </reporter-output>
        </test-method> <!-- getSecQuesList -->
        <test-method status="PASS" signature="TC__01_getSecurityQuestionsList()[pri:0, instance:iam.getSecurityQuestionsList.TC_01_getSecurityQuesList@4566e5bd]" name="TC__01_getSecurityQuestionsList" duration-ms="40" started-at="2020-07-27T07:54:24Z" finished-at="2020-07-27T07:54:24Z">
          <reporter-output>
          </reporter-output>
        </test-method> <!-- TC__01_getSecurityQuestionsList -->
      </class> <!-- iam.getSecurityQuestionsList.TC_01_getSecurityQuesList -->
    </test> <!-- Test -->
  </suite> <!-- Suite -->
</testng-results>
