<?xml version="1.0" encoding="UTF-8"?>
<!-- Generated by org.testng.reporters.JUnitXMLReporter -->
<testsuite hostname="anbarasans" ignored="0" name="Test(failed)" tests="1" failures="1" timestamp="28 Apr 2020 07:00:34 GMT" time="2.019" errors="0">
  <testcase name="TC_05__Update_user_without_userType" time="0.018" classname="mobeixServer.userManagement_Update_User.TC_05_Update_user_without_userType">
    <failure type="java.lang.AssertionError" message="expected [200] but found [400]">
      <![CDATA[java.lang.AssertionError: expected [200] but found [400]
at mobeixServer.userManagement_Update_User.TC_05_Update_user_without_userType.TC_05__Update_user_without_userType(TC_05_Update_user_without_userType.java:49)
... Removed 31 stack frames]]>
    </failure>
  </testcase> <!-- TC_05__Update_user_without_userType -->
</testsuite> <!-- Test(failed) -->
